[debug] [2018-03-06T15:09:38.321Z] ----------------------------------------------------------------------
[debug] [2018-03-06T15:09:38.324Z] Command:       C:\Program Files\nodejs\node.exe C:\Users\Genyklemberg\AppData\Roaming\npm\node_modules\firebase-tools\bin\firebase serve --only functions
[debug] [2018-03-06T15:09:38.324Z] CLI Version:   3.17.4
[debug] [2018-03-06T15:09:38.324Z] Platform:      win32
[debug] [2018-03-06T15:09:38.324Z] Node Version:  v8.9.1
[debug] [2018-03-06T15:09:38.325Z] Time:          Tue Mar 06 2018 17:09:38 GMT+0200 (FLE Standard Time)
[debug] [2018-03-06T15:09:38.325Z] ----------------------------------------------------------------------
[debug] 
[debug] [2018-03-06T15:09:38.339Z] > command requires scopes: ["email","openid","https://www.googleapis.com/auth/cloudplatformprojects.readonly","https://www.googleapis.com/auth/firebase","https://www.googleapis.com/auth/cloud-platform"]
[debug] [2018-03-06T15:09:38.340Z] > authorizing via signed-in user
[debug] [2018-03-06T15:09:38.341Z] >>> HTTP REQUEST GET https://admin.firebase.com/v1/projects/ngmates-2bcd1  
  
 Tue Mar 06 2018 17:09:38 GMT+0200 (FLE Standard Time)
[debug] [2018-03-06T15:09:39.103Z] <<< HTTP RESPONSE 200
[debug] [2018-03-06T15:09:39.103Z] >>> HTTP REQUEST GET https://admin.firebase.com/v1/database/ngmates-2bcd1/tokens  
  
 Tue Mar 06 2018 17:09:39 GMT+0200 (FLE Standard Time)
[debug] [2018-03-06T15:09:39.915Z] <<< HTTP RESPONSE 200
[info] 
[info] === Serving from 'C:\Users\Genyklemberg\code\other project\3DSL'...
[info] 
[info] i  functions: Preparing to emulate functions.
[debug] [2018-03-06T15:09:40.211Z] Fetching environment
[debug] [2018-03-06T15:09:40.212Z] >>> HTTP REQUEST GET https://appengine.googleapis.com/v1/apps/ngmates-2bcd1  
  
 Tue Mar 06 2018 17:09:40 GMT+0200 (FLE Standard Time)
[debug] [2018-03-06T15:09:40.212Z] >>> HTTP REQUEST GET https://apikeys.googleapis.com/v1/projects/ngmates-2bcd1/apiKeys  
  
 Tue Mar 06 2018 17:09:40 GMT+0200 (FLE Standard Time)
[debug] [2018-03-06T15:09:41.142Z] <<< HTTP RESPONSE 200
[debug] [2018-03-06T15:09:41.218Z] <<< HTTP RESPONSE 200
[debug] [2018-03-06T15:09:41.219Z] Starting @google-cloud/functions-emulator
[debug] [2018-03-06T15:09:42.762Z] Parsing function triggers
[info] +  functions: httpEmail: http://localhost:5000/ngmates-2bcd1/us-central1/httpEmail
